<?xml version="1.0" encoding="UTF-8"?>
<robot generator="Robot 4.1 (Python 3.9.6 on win32)" generated="20211014 23:28:41.290" rpa="false" schemaversion="2">
<suite id="s1" name="Venda" source="c:\robot\saucedemo\venda.robot">
<kw name="Start TestCase" library="settings" type="SETUP">
<kw name="Open Browser" library="Selenium2Library">
<arg>${url}</arg>
<arg>${browser}</arg>
<doc>Opens a new browser instance to the optional ``url``.</doc>
<msg timestamp="20211014 23:28:41.591" level="INFO">Opening browser 'chrome' to base url 'https://www.saucedemo.com'.</msg>
<status status="PASS" starttime="20211014 23:28:41.591" endtime="20211014 23:28:43.248"/>
</kw>
<kw name="Maximize Browser Window" library="Selenium2Library">
<doc>Maximizes current browser window.</doc>
<status status="PASS" starttime="20211014 23:28:43.248" endtime="20211014 23:28:43.366"/>
</kw>
<status status="PASS" starttime="20211014 23:28:41.590" endtime="20211014 23:28:43.366"/>
</kw>
<test id="s1-t1" name="Teste Venda">
<kw name="Venda">
<arg>${vUsername}</arg>
<arg>${vPassword}</arg>
<arg>${vSort}</arg>
<arg>${vFirstName}</arg>
<arg>${vLastName}</arg>
<arg>${vZipCode}</arg>
<arg>${lAddLabsOnesie}</arg>
<arg>${lTestAllTheThingsTShirtRed}</arg>
<kw name="Login" library="settings">
<arg>${username}</arg>
<arg>${password}</arg>
<kw name="Input Text" library="Selenium2Library">
<arg>${lUsername}</arg>
<arg>${username}</arg>
<doc>Types the given ``text`` into the text field identified by ``locator``.</doc>
<msg timestamp="20211014 23:28:43.371" level="INFO">Typing text 'standard_user' into text field 'xpath://input[@id='user-name']'.</msg>
<status status="PASS" starttime="20211014 23:28:43.370" endtime="20211014 23:28:43.528"/>
</kw>
<kw name="Input Text" library="Selenium2Library">
<arg>${lPassword}</arg>
<arg>${password}</arg>
<doc>Types the given ``text`` into the text field identified by ``locator``.</doc>
<msg timestamp="20211014 23:28:43.529" level="INFO">Typing text 'secret_sauce' into text field 'xpath://input[@id='password']'.</msg>
<status status="PASS" starttime="20211014 23:28:43.528" endtime="20211014 23:28:43.659"/>
</kw>
<kw name="Click Button" library="Selenium2Library">
<arg>${lLogin}</arg>
<doc>Clicks the button identified by ``locator``.</doc>
<msg timestamp="20211014 23:28:43.660" level="INFO">Clicking button 'xpath://input[@id='login-button']'.</msg>
<status status="PASS" starttime="20211014 23:28:43.659" endtime="20211014 23:28:43.833"/>
</kw>
<status status="PASS" starttime="20211014 23:28:43.369" endtime="20211014 23:28:43.834"/>
</kw>
<kw name="Ordenar Itens" library="settings">
<arg>${sort}</arg>
<kw name="Select From List By Value" library="Selenium2Library">
<arg>${lProductSortContainer}</arg>
<arg>${value}</arg>
<doc>Selects options from selection list ``locator`` by ``values``.</doc>
<msg timestamp="20211014 23:28:43.835" level="INFO">Selecting options from selection list 'xpath://select[@class='product_sort_container']' by value lohi.</msg>
<status status="PASS" starttime="20211014 23:28:43.835" endtime="20211014 23:28:44.063"/>
</kw>
<status status="PASS" starttime="20211014 23:28:43.834" endtime="20211014 23:28:44.063"/>
</kw>
<kw name="Adicionar Item" library="settings">
<arg>${item 1}</arg>
<kw name="Click Button" library="Selenium2Library">
<arg>${locator}</arg>
<doc>Clicks the button identified by ``locator``.</doc>
<msg timestamp="20211014 23:28:44.065" level="INFO">Clicking button 'css=#add-to-cart-sauce-labs-onesie'.</msg>
<status status="PASS" starttime="20211014 23:28:44.064" endtime="20211014 23:28:44.133"/>
</kw>
<status status="PASS" starttime="20211014 23:28:44.064" endtime="20211014 23:28:44.133"/>
</kw>
<kw name="Adicionar Item" library="settings">
<arg>${item 2}</arg>
<kw name="Click Button" library="Selenium2Library">
<arg>${locator}</arg>
<doc>Clicks the button identified by ``locator``.</doc>
<msg timestamp="20211014 23:28:44.135" level="INFO">Clicking button 'css=[id = 'add-to-cart-test.allthethings()-t-shirt-(red)']'.</msg>
<status status="PASS" starttime="20211014 23:28:44.135" endtime="20211014 23:28:44.200"/>
</kw>
<status status="PASS" starttime="20211014 23:28:44.134" endtime="20211014 23:28:44.200"/>
</kw>
<kw name="Checkout" library="settings">
<arg>${firstname}</arg>
<arg>${lastname}</arg>
<arg>${zipcode}</arg>
<kw name="Click Element" library="Selenium2Library">
<arg>${lCart}</arg>
<doc>Click the element identified by ``locator``.</doc>
<msg timestamp="20211014 23:28:44.201" level="INFO">Clicking element 'xpath://div[3]/a'.</msg>
<status status="PASS" starttime="20211014 23:28:44.201" endtime="20211014 23:28:44.277"/>
</kw>
<kw name="Click Button" library="Selenium2Library">
<arg>${lCheckout}</arg>
<doc>Clicks the button identified by ``locator``.</doc>
<msg timestamp="20211014 23:28:44.278" level="INFO">Clicking button 'xpath://button[. = 'Checkout']'.</msg>
<status status="PASS" starttime="20211014 23:28:44.277" endtime="20211014 23:28:44.387"/>
</kw>
<kw name="Input Text" library="Selenium2Library">
<arg>${lFirstName}</arg>
<arg>${firstname}</arg>
<doc>Types the given ``text`` into the text field identified by ``locator``.</doc>
<msg timestamp="20211014 23:28:44.388" level="INFO">Typing text 'Usuario' into text field 'xpath://input[@placeholder = 'First Name']'.</msg>
<status status="PASS" starttime="20211014 23:28:44.387" endtime="20211014 23:28:44.499"/>
</kw>
<kw name="Input Text" library="Selenium2Library">
<arg>${lLastName}</arg>
<arg>${lastname}</arg>
<doc>Types the given ``text`` into the text field identified by ``locator``.</doc>
<msg timestamp="20211014 23:28:44.499" level="INFO">Typing text 'Teste' into text field 'xpath://input[@placeholder = 'Last Name']'.</msg>
<status status="PASS" starttime="20211014 23:28:44.499" endtime="20211014 23:28:44.601"/>
</kw>
<kw name="Input Text" library="Selenium2Library">
<arg>${lZipCode}</arg>
<arg>${zipcode}</arg>
<doc>Types the given ``text`` into the text field identified by ``locator``.</doc>
<msg timestamp="20211014 23:28:44.602" level="INFO">Typing text '39401000' into text field 'xpath://input[@placeholder = 'Zip/Postal Code']'.</msg>
<status status="PASS" starttime="20211014 23:28:44.601" endtime="20211014 23:28:44.703"/>
</kw>
<kw name="Click Button" library="Selenium2Library">
<arg>${lContinue}</arg>
<doc>Clicks the button identified by ``locator``.</doc>
<msg timestamp="20211014 23:28:44.703" level="INFO">Clicking button 'xpath://form/div/input'.</msg>
<status status="PASS" starttime="20211014 23:28:44.703" endtime="20211014 23:28:44.777"/>
</kw>
<kw name="Click Button" library="Selenium2Library">
<arg>${lFinish}</arg>
<doc>Clicks the button identified by ``locator``.</doc>
<msg timestamp="20211014 23:28:44.777" level="INFO">Clicking button 'xpath://button[. = 'Finish']'.</msg>
<status status="PASS" starttime="20211014 23:28:44.777" endtime="20211014 23:28:44.850"/>
</kw>
<status status="PASS" starttime="20211014 23:28:44.200" endtime="20211014 23:28:44.850"/>
</kw>
<status status="PASS" starttime="20211014 23:28:43.367" endtime="20211014 23:28:44.851"/>
</kw>
<status status="PASS" starttime="20211014 23:28:43.367" endtime="20211014 23:28:44.851"/>
</test>
<kw name="Finish TestCase" library="settings" type="TEARDOWN">
<kw name="Close Browser" library="Selenium2Library">
<doc>Closes the current browser.</doc>
<status status="PASS" starttime="20211014 23:28:44.855" endtime="20211014 23:28:47.035"/>
</kw>
<status status="PASS" starttime="20211014 23:28:44.855" endtime="20211014 23:28:47.035"/>
</kw>
<doc>SenseData Challenge</doc>
<status status="PASS" starttime="20211014 23:28:41.292" endtime="20211014 23:28:47.035"/>
</suite>
<statistics>
<total>
<stat pass="1" fail="0" skip="0">All Tests</stat>
</total>
<tag>
</tag>
<suite>
<stat pass="1" fail="0" skip="0" id="s1" name="Venda">Venda</stat>
</suite>
</statistics>
<errors>
</errors>
</robot>
